Arguments: 
  /home/zw/.nvm/versions/node/v16.18.0/bin/node /usr/share/yarn/bin/yarn.js set version 0.3.2

PATH: 
  /home/zw/.dotnet/tools:/home/zw/bin:/home/zw/.cargo/bin:/home/zw/.local/bin:/home/zw/bin:/home/zw/.cargo/bin:/home/zw/.nvm/versions/node/v16.18.0/bin:/usr/local/sbin:/usr/local/bin:/usr/sbin:/usr/bin:/sbin:/bin:/usr/games:/usr/local/games:/usr/lib/wsl/lib:/mnt/c/Windows/system32:/mnt/c/Windows:/mnt/c/Windows/System32/Wbem:/mnt/c/Windows/System32/WindowsPowerShell/v1.0/:/mnt/c/Windows/System32/OpenSSH/:/mnt/c/Program Files (x86)/NVIDIA Corporation/PhysX/Common:/mnt/c/Program Files/NVIDIA Corporation/NVIDIA NvDLISR:/mnt/c/Program Files/dotnet/:/mnt/c/Program Files/GitHub CLI/:/mnt/c/Users/wuzhe/AppData/Local/Microsoft/WindowsApps:/mnt/c/Users/wuzhe/AppData/Local/Programs/Microsoft VS Code/bin:/snap/bin:/usr/local/go/bin:/home/zw/go/bin:/home/zw/bin:/home/zw/.foundry/bin

Yarn version: 
  1.22.19

Node version: 
  16.18.0

Platform: 
  linux x64

Trace: 
  Error: Release not found: 0.3.2
      at /usr/share/yarn/lib/cli.js:86358:17
      at Generator.next (<anonymous>)
      at step (/usr/share/yarn/lib/cli.js:310:30)
      at /usr/share/yarn/lib/cli.js:321:13
      at processTicksAndRejections (node:internal/process/task_queues:96:5)

npm manifest: 
  {
    "dependencies": {
      "@openzeppelin/contracts": "^4.8.0",
      "yarn": "^1.22.19"
    }
  }

yarn manifest: 
  No manifest

Lockfile: 
  # THIS IS AN AUTOGENERATED FILE. DO NOT EDIT THIS FILE DIRECTLY.
  # yarn lockfile v1
  
  
  "@openzeppelin/contracts@^4.8.0":
    version "4.8.0"
    resolved "https://registry.npmjs.org/@openzeppelin/contracts/-/contracts-4.8.0.tgz"
    integrity sha512-AGuwhRRL+NaKx73WKRNzeCxOCOCxpaqF+kp8TJ89QzAipSwZy/NoflkWaL9bywXFRhIzXt8j38sfF7KBKCPWLw==
  
  yarn@^1.22.19:
    version "1.22.19"
    resolved "https://registry.npmjs.org/yarn/-/yarn-1.22.19.tgz"
    integrity sha512-/0V5q0WbslqnwP91tirOvldvYISzaqhClxzyUKXYxs07yUILIs5jx/k6CFe8bvKSkds5w+eiOqta39Wk3WxdcQ==
